Bin 0 mean 0.081081, width 0.081081, photo-z 0.054054, tracer 0
Bin 1 mean 0.251391, width 0.094230, photo-z 0.062820, tracer 0
Bin 2 mean 0.460130, width 0.109510, photo-z 0.073007, tracer 0
Bin 3 mean 0.696909, width 0.127269, photo-z 0.084845, tracer 0
Bin 4 mean 0.972083, width 0.147906, photo-z 0.098604, tracer 0
Bin 5 mean 1.291880, width 0.171891, photo-z 0.114594, tracer 0
Bin 6 mean 1.663536, width 0.199766, photo-z 0.133177, tracer 0
Bin 7 mean 2.095461, width 0.232160, photo-z 0.154773, tracer 0
Bin 8 mean 2.597428, width 0.269807, photo-z 0.179871, tracer 0
Bin 9 mean 0.030928, width 0.030928, photo-z 0.020619, tracer 1
Bin 10 mean 0.094697, width 0.032841, photo-z 0.021894, tracer 1
Bin 11 mean 0.162410, width 0.034873, photo-z 0.023248, tracer 1
Bin 12 mean 0.234312, width 0.037029, photo-z 0.024686, tracer 1
Bin 13 mean 0.310661, width 0.039320, photo-z 0.026213, tracer 1
Bin 14 mean 0.391732, width 0.041752, photo-z 0.027835, tracer 1
Bin 15 mean 0.477818, width 0.044334, photo-z 0.029556, tracer 1
Bin 16 mean 0.569230, width 0.047077, photo-z 0.031385, tracer 1
Bin 17 mean 0.666296, width 0.049989, photo-z 0.033326, tracer 1
Bin 18 mean 0.769366, width 0.053081, photo-z 0.035387, tracer 1
Bin 19 mean 0.878812, width 0.056364, photo-z 0.037576, tracer 1
Bin 20 mean 0.995027, width 0.059851, photo-z 0.039901, tracer 1
Bin 21 mean 1.118430, width 0.063553, photo-z 0.042369, tracer 1
Bin 22 mean 1.249467, width 0.067484, photo-z 0.044989, tracer 1
Bin 23 mean 1.388609, width 0.071658, photo-z 0.047772, tracer 1
Bin 0 mean 0.081081, width 0.081081, photo-z 0.054054, tracer 0
Bin 1 mean 0.256391, width 0.094230, photo-z 0.062820, tracer 0
Bin 2 mean 0.460130, width 0.109510, photo-z 0.073007, tracer 0
Bin 3 mean 0.696909, width 0.127269, photo-z 0.084845, tracer 0
Bin 4 mean 0.972083, width 0.147906, photo-z 0.098604, tracer 0
Bin 5 mean 1.291880, width 0.171891, photo-z 0.114594, tracer 0
Bin 6 mean 1.663536, width 0.199766, photo-z 0.133177, tracer 0
Bin 7 mean 2.095461, width 0.232160, photo-z 0.154773, tracer 0
Bin 8 mean 2.597428, width 0.269807, photo-z 0.179871, tracer 0
Binary output
[WARNING: input line not recognized and not taken into account: 'n_t=scc']
[WARNING: input line not recognized and not taken into account: 'alpha_t=scc']
[WARNING: input line not recognized and not taken into account: 'l_max_tensors=5000']
[WARNING: input line not recognized and not taken into account: 's_bias_function=nonenonefid nonenonefid']
[WARNING: input line not recognized and not taken into account: 'e_bias_function=nonenonefid nonenonefid']
Running CLASS version v2.4.4
Computing background
 -> ncdm species i=1 sampled with 11 (resp. 5) points for purpose of background (resp. perturbation) integration. In the relativistic limit it gives Delta N_eff = 1.0132
 -> total N_eff = 3.046 (sumed over ultra-relativistic and ncdm species)
 -> non-cold dark matter species with i=1 has m_i = 6.000000e-02 eV (so m_i / omega_i =9.318986e+01 eV)
 -> age = 13.664398 Gyr
 -> conformal age = 14106.184769 Mpc
Computing thermodynamics with Y_He=0.2478
 -> recombination at z = 1089.216827
    corresponding to conformal time = 280.869808 Mpc
    with comoving sound horizon = 144.716705 Mpc
    angular diameter distance = 12.681253 Mpc
    and sound horizon angle 100*theta_s = 1.046752
 -> baryon drag stops at z = 1059.833793
    corresponding to conformal time = 286.646797 Mpc
    with comoving sound horizon rs = 147.331467 Mpc
 -> reionization  at z = 8.305984
    corresponding to conformal time = 4943.150856 Mpc
Computing sources
Computing primordial spectra (analytic spectrum)
Computing non-linear matter power spectrum with Halofit (including update Takahashi et al. 2012 and Bird 2014)
Adding baryonic effects (eq 4.2 of 1510.06034) 
Computing transfers
Mode 0 : 5.050 GB for transfer functions here
          tt_size = 71, l_size= 178, q_size= 53635
Final transfers
          2.561 GB for transfer functions here
          tt_size = 36, l_size= 178, q_size= 53635
Reading bias from outputs_LSST_DESI/bias_LSST_blue_cl_fid
Reading bias from outputs_LSST_DESI/bias_LSST_red_cl_fid
Reading alignment bias from outputs_LSST_DESI/abias_LSST_gold_sh_fid
Reading red fraction from outputs_LSST_DESI/rfrac_LSST_gold_sh_fid
Computing unlensed linear spectra
Mode 0 : 0.001 GB for power spectra here
          ct_size = 634, l_size= 178, ic_ic_size= 1
 -> sigma8=0.833816 (computed till k = 14.0817 h/Mpc)
Computing lensed spectra (fast mode)
Writing output files in outputs_LSST_DESI/run_mbphz_LSST_blue_cl_node1... 
